SF:lib/feature/consumption/models/consumption_args.dart
DA:7,2
LF:1
LH:1
end_of_record
SF:lib/feature/consumption/models/consumption_type.dart
DA:22,9
DA:40,4
DA:42,4
DA:45,4
DA:51,4
DA:55,8
DA:56,8
DA:57,8
DA:59,8
DA:61,8
DA:62,8
DA:63,8
DA:65,8
DA:66,8
DA:67,8
DA:69,8
DA:70,6
DA:75,3
DA:76,6
DA:78,3
DA:81,3
LF:21
LH:21
end_of_record
SF:lib/feature/common_error/error_exception.dart
DA:4,7
DA:5,4
DA:7,12
DA:11,3
DA:26,3
DA:28,3
DA:29,3
LF:7
LH:7
end_of_record
SF:lib/feature/consumption/services/consumption_service.dart
DA:13,1
DA:14,1
DA:16,1
DA:18,3
DA:20,1
DA:21,2
DA:22,1
DA:24,2
DA:25,2
DA:27,1
DA:29,1
DA:30,1
DA:33,1
DA:34,1
DA:36,1
DA:37,1
DA:39,1
DA:40,1
DA:43,1
DA:53,2
DA:54,1
DA:56,1
DA:57,2
DA:58,2
DA:59,3
DA:60,1
DA:61,1
DA:68,1
DA:70,1
DA:71,1
DA:72,1
DA:73,1
DA:74,1
DA:75,1
DA:77,2
DA:78,1
DA:81,1
LF:37
LH:37
end_of_record
SF:lib/feature/common_error/common_error_dialog.dart
DA:54,5
DA:55,5
DA:58,5
DA:59,5
DA:60,5
DA:61,5
DA:62,5
DA:64,5
DA:66,5
DA:68,5
DA:71,5
DA:77,5
DA:78,4
DA:80,1
DA:82,4
DA:86,5
DA:90,5
DA:91,5
LF:18
LH:18
end_of_record
SF:lib/feature/facility_search/controllers/facility_search_controller.dart
DA:24,2
DA:28,2
DA:31,2
DA:32,6
DA:34,2
DA:37,2
DA:39,2
DA:40,2
DA:43,4
DA:45,2
DA:46,2
DA:51,2
DA:53,4
DA:55,2
DA:58,2
DA:59,2
DA:60,2
DA:61,2
DA:63,2
DA:69,1
DA:71,2
DA:72,1
LF:22
LH:22
end_of_record
SF:lib/feature/facility_search/repositories/facility_search_repository_impl.dart
DA:8,1
DA:10,1
DA:12,2
LF:3
LH:3
end_of_record
SF:lib/feature/facility_search/services/facility_search_service.dart
DA:13,1
DA:14,1
DA:16,1
DA:18,3
DA:20,1
DA:21,2
DA:22,1
DA:24,3
DA:26,2
DA:27,2
DA:28,1
DA:30,2
DA:31,2
DA:33,3
DA:34,1
DA:35,1
DA:37,1
DA:43,2
DA:45,2
DA:46,1
DA:52,2
DA:53,1
DA:55,1
DA:56,2
DA:57,2
DA:58,3
DA:59,1
DA:60,1
DA:67,1
DA:68,1
DA:69,1
DA:70,1
DA:71,1
DA:72,1
DA:73,1
DA:75,2
DA:76,1
DA:79,1
LF:38
LH:38
end_of_record
SF:lib/feature/facility_search/widgets/error_dialog.dart
DA:4,1
DA:5,1
DA:11,1
DA:12,3
DA:13,1
DA:14,1
DA:15,1
DA:18,1
DA:19,1
DA:20,1
DA:22,1
DA:24,1
DA:26,1
DA:40,1
DA:43,1
DA:45,2
LF:16
LH:16
end_of_record
SF:lib/feature/consumption/controllers/consumption_controller.dart
DA:9,2
DA:20,2
DA:21,2
DA:22,2
DA:25,2
DA:26,2
DA:27,2
DA:28,2
DA:29,2
DA:32,2
DA:34,2
DA:35,2
DA:38,2
DA:39,2
DA:41,2
DA:42,2
DA:43,2
DA:46,6
DA:48,8
DA:50,4
DA:54,2
DA:55,4
DA:57,2
DA:59,4
DA:61,2
DA:65,2
DA:66,2
DA:68,2
DA:69,2
DA:72,2
DA:73,2
DA:74,2
DA:77,6
DA:79,8
DA:81,4
DA:85,2
DA:86,4
DA:88,1
DA:90,4
DA:92,2
DA:93,2
DA:97,2
DA:98,2
DA:99,2
DA:100,2
DA:101,2
DA:103,8
DA:105,8
DA:108,2
DA:111,2
DA:114,2
DA:115,2
DA:116,2
LF:53
LH:53
end_of_record
SF:lib/feature/history/controllers/history_controller.dart
DA:12,13
DA:51,14
DA:52,12
DA:53,2
DA:54,14
DA:55,2
DA:56,6
DA:57,12
DA:58,4
DA:60,1
DA:61,2
DA:64,1
DA:65,2
DA:66,1
DA:69,2
DA:70,2
DA:71,2
DA:74,2
DA:75,2
DA:76,4
DA:78,2
DA:81,2
DA:82,2
DA:83,2
DA:86,7
DA:87,7
DA:88,7
DA:91,2
DA:92,2
DA:93,2
DA:96,3
DA:97,3
DA:98,3
DA:101,7
DA:102,7
DA:103,7
DA:104,7
DA:107,7
DA:108,7
DA:109,5
DA:110,20
DA:111,20
DA:112,20
DA:113,10
DA:114,10
DA:115,10
DA:116,10
DA:117,30
DA:119,4
DA:120,4
DA:121,16
DA:122,16
DA:123,8
DA:124,8
DA:125,8
DA:126,8
DA:127,24
DA:129,2
DA:130,2
DA:131,6
DA:132,6
DA:133,2
DA:134,6
DA:135,6
DA:136,4
DA:141,4
DA:142,4
DA:143,4
DA:144,12
DA:148,1
DA:149,2
DA:150,2
DA:151,2
DA:152,1
DA:153,2
DA:154,1
DA:157,1
DA:160,7
DA:163,7
DA:166,4
DA:167,4
DA:168,8
DA:169,4
DA:170,8
DA:173,1
DA:174,1
DA:175,1
DA:176,1
DA:179,2
DA:180,2
DA:181,2
DA:184,3
DA:185,6
DA:186,3
DA:189,4
DA:190,4
DA:191,4
DA:194,4
DA:195,4
DA:196,4
DA:199,21
DA:200,4
DA:202,26
DA:203,4
DA:206,4
DA:207,4
DA:208,4
DA:209,4
DA:210,12
DA:211,2
DA:212,24
DA:213,2
DA:215,4
DA:218,3
DA:219,3
DA:220,3
DA:221,3
DA:224,1
DA:225,1
DA:226,1
DA:229,1
DA:237,1
DA:239,1
DA:240,1
DA:242,1
DA:245,1
DA:248,1
DA:249,2
DA:250,1
LF:129
LH:129
end_of_record
SF:lib/feature/history/models/history.type.dart
DA:11,10
DA:26,9
LF:2
LH:2
end_of_record
SF:lib/feature/history/services/history_service.dart
DA:13,1
DA:15,1
DA:21,3
DA:22,1
DA:24,1
DA:25,2
DA:26,1
DA:28,3
DA:30,2
DA:32,3
DA:34,1
DA:36,1
DA:39,2
DA:41,1
DA:43,1
DA:44,1
DA:45,3
DA:46,3
DA:47,1
DA:48,1
DA:51,1
DA:53,1
DA:54,1
DA:56,1
DA:58,3
DA:59,1
DA:60,1
DA:62,1
DA:63,2
DA:64,2
DA:66,2
DA:67,2
DA:69,2
DA:70,2
DA:77,1
DA:78,1
DA:79,2
DA:80,2
DA:83,1
DA:89,2
DA:90,1
DA:92,1
DA:93,2
DA:94,2
DA:95,3
DA:96,3
DA:97,1
DA:99,1
DA:102,2
DA:103,1
DA:104,1
DA:111,1
DA:113,1
DA:114,1
DA:115,1
DA:116,1
DA:117,1
DA:118,1
DA:120,1
DA:121,1
DA:125,1
DA:129,1
DA:131,1
DA:136,1
DA:140,1
DA:142,1
DA:147,1
DA:152,1
DA:154,1
LF:69
LH:69
end_of_record
SF:lib/feature/consumption/widgets/image_error_dialog.dart
DA:3,2
DA:8,2
DA:13,4
DA:15,2
DA:18,2
DA:19,6
DA:21,2
DA:22,2
DA:23,2
DA:26,2
DA:27,2
DA:28,2
DA:30,2
DA:32,2
DA:34,2
DA:35,2
DA:37,2
DA:45,2
DA:48,2
DA:49,2
DA:50,2
DA:51,2
LF:22
LH:22
end_of_record
SF:lib/feature/consumption/pages/consumption_page.dart
DA:16,1
DA:18,1
DA:19,1
DA:28,1
DA:30,1
DA:32,1
DA:34,2
DA:36,2
DA:37,3
DA:38,3
DA:40,2
DA:41,2
DA:45,3
DA:46,3
DA:50,1
DA:53,1
DA:54,2
DA:56,5
DA:57,4
DA:59,2
DA:60,1
DA:62,3
DA:63,3
DA:69,1
DA:70,5
DA:72,1
DA:73,1
DA:76,1
DA:78,1
DA:79,1
DA:82,1
DA:83,1
DA:84,1
DA:86,3
DA:87,1
DA:91,1
DA:92,1
DA:94,2
DA:95,1
DA:97,1
DA:98,3
DA:99,2
DA:101,4
DA:102,3
DA:107,1
DA:108,3
DA:109,2
DA:110,2
DA:111,3
DA:112,1
DA:113,3
DA:118,2
DA:119,1
DA:120,1
DA:124,1
DA:126,1
DA:127,1
DA:128,3
DA:129,1
DA:130,1
DA:131,3
DA:132,1
DA:133,1
DA:136,1
DA:137,1
DA:147,1
DA:154,2
DA:155,2
DA:156,3
DA:157,3
DA:158,1
DA:159,3
DA:164,1
DA:166,1
DA:167,1
DA:169,1
DA:170,1
DA:171,1
DA:174,1
DA:175,1
DA:176,1
DA:177,1
DA:180,1
DA:182,1
DA:183,1
DA:186,1
DA:187,1
DA:189,1
DA:192,1
DA:193,1
DA:194,1
DA:204,2
DA:205,1
DA:207,4
DA:226,1
DA:227,2
DA:228,3
DA:230,1
DA:232,1
DA:233,1
DA:235,2
DA:236,1
DA:237,1
DA:238,1
DA:239,1
DA:240,1
DA:241,1
DA:242,1
DA:244,1
DA:250,1
DA:251,1
DA:252,1
DA:253,2
DA:254,1
DA:264,1
DA:266,1
DA:269,1
DA:271,1
DA:273,1
DA:284,1
DA:285,1
DA:286,1
DA:287,1
DA:290,1
DA:291,1
DA:293,1
DA:300,1
DA:301,1
DA:305,1
DA:306,1
DA:307,2
DA:308,1
DA:321,1
DA:323,1
DA:324,1
DA:325,1
DA:328,1
DA:330,1
DA:334,1
DA:336,1
DA:339,1
DA:341,1
DA:345,1
DA:347,1
DA:350,1
DA:352,1
DA:356,1
DA:358,1
DA:360,1
DA:361,1
DA:362,1
DA:365,1
DA:369,1
DA:370,1
DA:373,1
DA:374,2
DA:376,1
DA:378,1
DA:384,1
DA:385,1
DA:388,1
DA:392,1
DA:393,1
DA:396,1
DA:397,1
DA:398,1
DA:400,2
DA:403,1
DA:405,1
DA:417,1
DA:425,1
DA:426,1
DA:427,1
DA:428,1
DA:430,1
DA:435,1
DA:436,1
DA:438,1
LF:178
LH:178
end_of_record
SF:lib/feature/consumption/widgets/info_box.dart
DA:8,1
DA:15,1
DA:17,1
DA:18,1
DA:19,1
DA:20,1
DA:22,1
DA:23,1
DA:24,1
DA:26,1
DA:27,1
DA:28,1
DA:29,1
DA:31,1
DA:33,1
DA:37,1
DA:40,1
DA:42,1
DA:50,1
DA:51,1
DA:53,1
DA:54,1
DA:56,1
DA:57,1
DA:58,1
DA:60,1
LF:26
LH:26
end_of_record
SF:lib/feature/consumption/widgets/label_row.dart
DA:9,1
DA:17,1
DA:19,1
DA:20,2
DA:21,1
DA:22,1
DA:23,1
DA:24,1
DA:25,1
DA:27,1
DA:33,1
DA:34,1
DA:35,1
DA:36,1
DA:37,1
DA:38,1
LF:16
LH:16
end_of_record
SF:lib/feature/history/widgets/display_type.dart
DA:7,2
DA:8,2
DA:10,2
DA:12,2
DA:13,2
DA:15,2
DA:18,2
DA:21,2
DA:23,2
DA:25,2
DA:26,2
DA:28,2
DA:30,2
LF:13
LH:13
end_of_record
SF:lib/feature/history/widgets/radio_buttom.dart
DA:12,2
DA:14,3
DA:16,3
DA:17,9
DA:19,3
DA:20,2
DA:21,2
DA:22,4
DA:24,3
DA:25,3
DA:26,3
DA:27,6
DA:28,3
DA:29,3
DA:30,3
DA:31,3
DA:36,3
DA:38,3
DA:39,3
DA:40,3
DA:41,3
DA:42,3
DA:44,3
DA:46,3
DA:53,6
DA:54,3
DA:55,3
DA:56,3
DA:60,3
DA:61,3
DA:63,6
LF:31
LH:31
end_of_record
SF:lib/feature/history/widgets/month_picker.dart
DA:10,3
DA:12,3
DA:14,3
DA:15,3
DA:16,6
DA:18,3
DA:19,9
DA:20,3
DA:22,3
DA:23,3
DA:25,3
DA:26,3
DA:32,6
DA:34,3
DA:35,3
DA:36,3
DA:37,3
DA:38,3
DA:40,3
DA:41,6
DA:42,3
DA:44,3
DA:45,3
DA:46,3
DA:47,3
DA:49,3
DA:50,3
DA:53,1
DA:54,1
DA:60,3
DA:61,3
DA:62,6
DA:64,3
DA:65,3
DA:74,6
DA:76,3
DA:77,3
DA:79,2
DA:80,3
DA:82,6
DA:85,6
DA:89,3
DA:90,9
DA:92,3
DA:93,6
DA:96,9
LF:46
LH:46
end_of_record
SF:lib/feature/history/widgets/custom_month_box.dart
DA:5,2
DA:6,2
DA:7,2
DA:9,2
DA:11,4
DA:13,2
DA:16,2
DA:17,2
DA:18,2
DA:20,2
DA:24,2
DA:25,2
DA:27,2
DA:28,2
DA:29,2
DA:30,2
DA:37,2
DA:41,2
DA:43,2
DA:45,2
DA:46,2
DA:47,2
DA:60,2
DA:63,2
DA:71,2
DA:73,2
DA:74,2
DA:78,1
DA:79,1
DA:80,2
DA:81,1
DA:86,2
DA:87,2
DA:94,2
DA:96,2
DA:97,4
DA:101,1
DA:102,2
DA:103,2
DA:104,1
DA:115,2
DA:125,2
DA:126,2
DA:129,4
DA:130,8
DA:133,4
DA:134,4
DA:136,2
DA:139,1
DA:140,2
DA:141,1
DA:144,2
DA:146,2
DA:148,2
DA:151,2
DA:152,2
DA:154,2
DA:155,2
DA:156,2
DA:172,2
DA:175,2
DA:176,2
DA:179,2
DA:180,2
DA:183,1
DA:184,1
DA:185,1
LF:67
LH:67
end_of_record
SF:lib/feature/history/widgets/day_picker.dart
DA:8,3
DA:9,3
DA:10,3
DA:11,6
DA:13,3
DA:14,3
DA:15,3
DA:17,3
DA:18,3
DA:20,3
DA:27,3
DA:28,3
DA:29,3
DA:30,3
DA:33,3
DA:34,6
DA:35,3
DA:37,3
DA:38,3
DA:39,3
DA:40,3
DA:43,3
DA:46,1
DA:47,1
DA:50,3
DA:51,3
DA:52,3
DA:53,6
DA:54,3
DA:64,3
DA:65,3
DA:66,3
DA:68,2
DA:69,3
DA:71,6
DA:74,6
DA:78,3
DA:79,3
DA:81,3
DA:82,6
DA:85,6
LF:41
LH:41
end_of_record
SF:lib/feature/history/widgets/history_graph.dart
DA:8,2
DA:9,2
DA:13,2
DA:17,10
DA:21,2
DA:26,2
DA:28,2
DA:30,1
DA:37,2
DA:41,6
DA:46,2
DA:47,2
DA:48,4
DA:49,2
DA:51,2
DA:53,2
DA:62,6
DA:63,2
DA:65,4
DA:66,2
DA:69,4
DA:71,2
DA:72,2
DA:73,2
DA:74,2
DA:76,2
DA:77,2
DA:79,2
DA:81,2
DA:82,2
DA:84,2
DA:90,2
DA:91,2
DA:92,2
DA:93,2
DA:98,2
DA:99,2
DA:100,2
DA:104,2
DA:105,2
DA:115,2
DA:116,2
DA:117,2
DA:118,2
DA:120,2
DA:121,2
DA:125,2
DA:129,2
DA:130,2
DA:131,4
DA:134,4
DA:139,2
DA:143,2
DA:144,2
DA:145,2
DA:146,2
DA:150,2
DA:151,2
DA:153,2
DA:155,2
DA:156,4
DA:158,2
DA:169,2
DA:170,2
DA:185,2
DA:186,2
DA:187,2
DA:188,2
DA:191,6
DA:195,2
DA:199,2
DA:201,2
DA:202,2
DA:204,2
DA:207,2
DA:208,2
DA:211,2
DA:238,2
DA:239,4
DA:240,2
DA:241,2
DA:243,2
DA:247,2
DA:249,2
DA:250,2
DA:253,2
DA:255,2
DA:282,2
DA:286,2
DA:287,2
DA:290,2
DA:291,2
DA:292,2
DA:293,4
DA:296,4
DA:297,2
DA:299,2
DA:300,2
DA:301,2
DA:317,2
DA:321,2
DA:323,2
DA:324,4
DA:327,4
DA:333,2
DA:346,2
DA:351,2
DA:373,2
DA:379,2
DA:381,2
DA:382,2
DA:383,2
DA:384,2
DA:385,2
DA:386,2
DA:388,4
DA:389,2
DA:390,2
DA:391,6
DA:398,2
DA:403,6
DA:404,2
DA:406,2
DA:409,2
DA:410,2
DA:411,2
DA:413,2
DA:414,2
DA:416,2
DA:417,2
DA:419,2
DA:420,2
DA:422,2
DA:423,2
DA:425,2
DA:426,2
DA:435,1
DA:441,1
DA:442,2
DA:447,3
DA:448,3
DA:450,1
DA:451,3
DA:452,3
DA:453,1
DA:455,1
DA:456,2
DA:459,1
DA:462,1
DA:465,1
DA:466,1
DA:467,1
DA:469,1
DA:471,1
DA:478,1
DA:481,1
DA:482,1
DA:486,2
DA:487,2
DA:489,2
DA:490,4
DA:492,4
DA:495,2
LF:163
LH:163
end_of_record
SF:lib/feature/history/widgets/year_picker.dart
DA:9,3
DA:11,3
DA:13,3
DA:14,6
DA:15,3
DA:16,9
DA:17,3
DA:19,3
DA:20,3
DA:21,3
DA:22,3
DA:23,3
DA:24,6
DA:25,3
DA:27,3
DA:28,3
DA:30,3
DA:33,3
DA:34,3
DA:35,9
DA:36,3
DA:37,6
DA:38,3
DA:40,3
DA:41,3
DA:42,3
DA:43,3
DA:44,1
DA:45,1
DA:47,9
DA:49,6
DA:50,3
DA:51,9
DA:52,6
DA:54,6
DA:55,3
DA:57,3
DA:58,3
DA:59,3
DA:60,3
DA:62,3
DA:64,3
DA:66,3
DA:77,21
DA:78,3
DA:79,3
DA:80,3
DA:81,3
DA:82,3
DA:84,3
DA:85,3
DA:87,3
DA:90,3
DA:91,3
DA:92,9
DA:93,3
DA:94,6
DA:95,3
DA:97,3
DA:98,3
DA:99,3
DA:100,3
DA:101,1
DA:102,1
DA:104,9
DA:106,6
DA:107,3
DA:108,3
DA:109,6
DA:110,3
DA:111,6
DA:113,6
DA:114,3
DA:116,3
DA:117,3
DA:118,3
DA:119,3
DA:121,3
DA:123,3
DA:125,3
DA:136,3
DA:137,3
DA:138,6
DA:139,3
DA:140,3
DA:142,2
DA:143,3
DA:145,6
DA:148,6
DA:152,3
DA:153,9
DA:155,3
DA:156,6
DA:159,9
LF:94
LH:94
end_of_record
SF:lib/feature/history/widgets/end_year_box.dart
DA:6,1
DA:7,1
DA:8,4
DA:9,1
DA:14,2
DA:15,2
DA:17,2
DA:18,2
DA:19,2
DA:21,2
DA:23,2
DA:26,2
DA:27,2
DA:28,2
DA:29,4
DA:30,2
DA:33,2
DA:34,2
DA:36,2
DA:37,2
DA:38,2
DA:39,2
DA:46,2
DA:48,2
DA:50,2
DA:51,2
DA:52,2
DA:53,2
DA:54,2
DA:56,2
DA:57,2
DA:58,2
DA:59,2
DA:60,2
DA:61,1
DA:62,1
DA:63,2
DA:64,1
DA:65,1
DA:69,2
DA:83,2
DA:84,2
DA:88,2
DA:89,2
DA:99,4
DA:100,4
DA:101,4
DA:102,2
DA:105,2
DA:106,2
DA:107,2
DA:115,2
DA:116,4
DA:117,4
DA:119,4
DA:120,4
DA:121,1
DA:141,2
DA:142,2
DA:143,2
DA:144,2
DA:145,2
DA:148,2
DA:149,2
DA:150,4
DA:153,2
DA:163,4
DA:164,2
DA:166,4
DA:167,8
DA:170,4
DA:172,2
DA:177,2
DA:180,2
DA:181,2
DA:182,2
DA:190,1
DA:192,2
DA:193,2
DA:194,2
DA:204,2
DA:205,1
DA:206,2
DA:207,2
DA:208,1
DA:209,1
DA:213,2
DA:214,2
DA:236,2
DA:238,2
DA:240,2
DA:241,2
DA:244,2
DA:245,2
DA:246,2
DA:248,2
DA:249,2
DA:253,1
DA:254,1
DA:255,2
DA:258,3
DA:259,1
DA:264,2
DA:267,2
DA:268,2
DA:269,2
DA:271,2
DA:272,2
DA:275,2
DA:276,2
DA:277,4
DA:278,2
DA:282,2
LF:113
LH:113
end_of_record
SF:lib/feature/history/widgets/start_year_box.dart
DA:6,1
DA:7,1
DA:8,4
DA:9,1
DA:14,2
DA:15,2
DA:17,2
DA:18,2
DA:19,2
DA:20,2
DA:22,1
DA:23,4
DA:24,1
DA:29,2
DA:32,2
DA:33,2
DA:34,2
DA:35,4
DA:37,2
DA:41,2
DA:42,2
DA:44,2
DA:45,2
DA:46,2
DA:47,2
DA:54,2
DA:57,2
DA:59,2
DA:61,2
DA:62,2
DA:64,2
DA:66,2
DA:68,2
DA:69,2
DA:70,2
DA:72,2
DA:73,1
DA:74,1
DA:75,2
DA:76,1
DA:77,1
DA:81,2
DA:94,2
DA:95,2
DA:99,2
DA:100,2
DA:109,4
DA:110,4
DA:111,4
DA:112,2
DA:115,2
DA:116,2
DA:117,2
DA:125,1
DA:126,2
DA:127,2
DA:133,1
DA:148,2
DA:149,2
DA:150,2
DA:151,2
DA:152,2
DA:153,2
DA:157,2
DA:158,2
DA:159,8
DA:160,1
DA:168,4
DA:169,2
DA:171,4
DA:172,8
DA:173,2
DA:176,2
DA:177,2
DA:178,2
DA:186,1
DA:188,2
DA:189,2
DA:190,2
DA:199,2
DA:200,4
DA:201,1
DA:202,2
DA:203,1
DA:204,1
DA:209,2
DA:210,2
DA:233,2
DA:235,2
DA:237,2
DA:238,2
DA:241,2
DA:242,2
DA:243,2
DA:245,2
DA:246,2
DA:249,1
DA:250,1
DA:251,2
DA:254,3
DA:255,1
DA:260,2
DA:263,2
DA:264,2
DA:265,2
DA:267,2
DA:268,2
DA:271,2
DA:272,2
DA:273,2
DA:277,2
LF:111
LH:111
end_of_record
SF:lib/feature/history/widgets/date_selection.dart
DA:10,2
DA:11,2
DA:13,2
DA:14,2
DA:15,2
DA:16,2
DA:17,2
DA:18,2
DA:19,2
LF:9
LH:9
end_of_record
SF:lib/feature/history/pages/history_page.dart
DA:17,1
DA:19,1
DA:20,1
DA:28,1
DA:30,1
DA:31,3
DA:32,1
DA:35,1
DA:37,2
DA:39,3
DA:40,2
DA:41,1
DA:42,1
DA:43,3
DA:45,3
DA:46,5
DA:50,3
DA:51,2
DA:52,3
DA:53,5
DA:58,1
DA:60,1
DA:61,1
DA:62,1
DA:63,2
DA:64,2
DA:65,1
DA:69,2
DA:74,3
DA:75,1
DA:78,2
DA:81,1
DA:82,1
DA:85,1
DA:88,1
DA:93,1
DA:95,1
DA:98,2
DA:101,2
DA:103,1
DA:104,1
DA:109,1
DA:110,1
DA:111,1
DA:112,1
DA:113,1
DA:114,1
DA:115,1
DA:117,1
DA:118,1
DA:119,1
DA:122,1
DA:123,1
DA:124,1
DA:126,1
DA:127,1
DA:129,1
DA:131,1
DA:132,1
DA:133,1
DA:134,1
DA:135,1
DA:143,1
DA:145,1
DA:147,1
DA:148,1
DA:156,1
DA:161,1
DA:165,1
DA:167,1
DA:171,1
DA:174,1
DA:178,1
DA:179,1
DA:181,1
DA:182,1
DA:183,1
DA:186,1
DA:190,1
DA:191,1
DA:194,1
DA:195,1
DA:197,1
DA:199,1
DA:214,1
DA:215,1
LF:86
LH:86
end_of_record
SF:lib/feature/history/widgets/calendar_panel.dart
DA:6,2
DA:8,2
DA:11,2
DA:13,2
DA:14,4
DA:15,4
DA:18,10
DA:20,2
DA:22,1
DA:23,1
DA:25,2
DA:29,2
DA:30,2
DA:34,2
DA:39,2
DA:41,2
DA:42,2
DA:43,2
DA:44,2
DA:52,2
DA:53,2
DA:54,2
DA:56,2
DA:57,2
DA:59,2
DA:61,2
DA:62,2
DA:82,2
DA:83,1
DA:84,1
DA:94,2
DA:96,4
DA:99,2
DA:102,2
DA:105,2
DA:106,4
DA:109,1
DA:110,1
DA:111,1
DA:114,1
DA:115,1
DA:118,2
DA:119,2
DA:121,4
DA:122,2
DA:123,2
DA:124,4
DA:133,4
DA:134,2
DA:135,2
DA:136,4
DA:156,2
DA:171,2
DA:174,2
DA:186,2
DA:193,2
DA:194,10
DA:204,2
DA:206,2
DA:207,2
DA:209,1
DA:219,2
DA:222,2
DA:223,1
DA:224,1
DA:225,1
DA:227,2
DA:230,2
DA:231,2
LF:69
LH:69
end_of_record
SF:lib/feature/facility_search/pages/facility_search.page.dart
DA:14,1
DA:16,1
DA:17,1
DA:21,1
DA:23,1
DA:26,1
DA:28,1
DA:31,1
DA:33,1
DA:34,1
DA:35,1
DA:37,1
DA:38,1
DA:40,1
DA:41,1
DA:44,1
DA:50,1
DA:51,1
DA:52,1
DA:55,1
DA:57,1
DA:59,1
DA:60,1
DA:61,1
DA:62,2
DA:64,1
DA:68,1
DA:69,1
DA:72,1
DA:73,1
DA:80,1
DA:81,1
DA:83,1
DA:84,1
DA:85,1
DA:88,1
DA:89,1
DA:90,1
DA:91,1
DA:93,1
DA:94,1
DA:96,1
DA:99,1
DA:100,2
DA:103,1
DA:125,1
DA:126,1
DA:129,1
DA:130,1
DA:133,1
DA:134,1
DA:137,1
DA:138,1
DA:139,1
DA:140,1
DA:143,1
DA:144,3
DA:145,1
DA:147,1
DA:150,1
LF:60
LH:60
end_of_record
